Flow report for Delay_audio
Wed Jun 08 09:27:06 2016
Quartus II 32-bit Version 12.0 Build 178 05/31/2012 SJ Web Edition


---------------------
; Table of Contents ;
---------------------
  1. Legal Notice
  2. Flow Summary
  3. Flow Settings
  4. Flow Non-Default Global Settings
  5. Flow Elapsed Time
  6. Flow OS Summary
  7. Flow Log



----------------
; Legal Notice ;
----------------
Copyright (C) 1991-2012 Altera Corporation
Your use of Altera Corporation's design tools, logic functions 
and other software and tools, and its AMPP partner logic 
functions, and any output files from any of the foregoing 
(including device programming or simulation files), and any 
associated documentation or information are expressly subject 
to the terms and conditions of the Altera Program License 
Subscription Agreement, Altera MegaCore Function License 
Agreement, or other applicable license agreement, including, 
without limitation, that your use is for the sole purpose of 
programming logic devices manufactured by Altera and sold by 
Altera or its authorized distributors.  Please refer to the 
applicable agreement for further details.



+-------------------------------------------------------------------------------+
; Flow Summary                                                                  ;
+------------------------------------+------------------------------------------+
; Flow Status                        ; Successful - Wed Jun 08 09:27:06 2016    ;
; Quartus II 32-bit Version          ; 12.0 Build 178 05/31/2012 SJ Web Edition ;
; Revision Name                      ; Delay_audio                              ;
; Top-level Entity Name              ; Delay_audio                              ;
; Family                             ; Cyclone IV E                             ;
; Device                             ; EP4CE115F29C7                            ;
; Timing Models                      ; Final                                    ;
; Total logic elements               ; 989 / 114,480 ( < 1 % )                  ;
;     Total combinational functions  ; 918 / 114,480 ( < 1 % )                  ;
;     Dedicated logic registers      ; 346 / 114,480 ( < 1 % )                  ;
; Total registers                    ; 346                                      ;
; Total pins                         ; 408 / 529 ( 77 % )                       ;
; Total virtual pins                 ; 0                                        ;
; Total memory bits                  ; 3,276,800 / 3,981,312 ( 82 % )           ;
; Embedded Multiplier 9-bit elements ; 0 / 532 ( 0 % )                          ;
; Total PLLs                         ; 1 / 4 ( 25 % )                           ;
+------------------------------------+------------------------------------------+


+-----------------------------------------+
; Flow Settings                           ;
+-------------------+---------------------+
; Option            ; Setting             ;
+-------------------+---------------------+
; Start date & time ; 06/08/2016 09:24:50 ;
; Main task         ; Compilation         ;
; Revision Name     ; Delay_audio         ;
+-------------------+---------------------+


+------------------------------------------------------------------------------------------------------------------+
; Flow Non-Default Global Settings                                                                                 ;
+-------------------------------------+-----------------------------+---------------+-------------+----------------+
; Assignment Name                     ; Value                       ; Default Value ; Entity Name ; Section Id     ;
+-------------------------------------+-----------------------------+---------------+-------------+----------------+
; COMPILER_SIGNATURE_ID               ; 44528459697.146538869004552 ; --            ; --          ; --             ;
; EDA_OUTPUT_DATA_FORMAT              ; Vhdl                        ; --            ; --          ; eda_simulation ;
; EDA_SIMULATION_TOOL                 ; ModelSim-Altera (VHDL)      ; <None>        ; --          ; --             ;
; IP_TOOL_NAME                        ; FIFO                        ; --            ; --          ; --             ;
; IP_TOOL_NAME                        ; ALTPLL                      ; --            ; --          ; --             ;
; IP_TOOL_NAME                        ; ALTPLL                      ; --            ; --          ; --             ;
; IP_TOOL_VERSION                     ; 12.0                        ; --            ; --          ; --             ;
; IP_TOOL_VERSION                     ; 12.0                        ; --            ; --          ; --             ;
; IP_TOOL_VERSION                     ; 12.0                        ; --            ; --          ; --             ;
; MAX_CORE_JUNCTION_TEMP              ; 85                          ; --            ; --          ; --             ;
; MIN_CORE_JUNCTION_TEMP              ; 0                           ; --            ; --          ; --             ;
; MISC_FILE                           ; FIFO_test.cmp               ; --            ; --          ; --             ;
; MISC_FILE                           ; PLL1.cmp                    ; --            ; --          ; --             ;
; MISC_FILE                           ; PLL1.ppf                    ; --            ; --          ; --             ;
; MISC_FILE                           ; PLL2.cmp                    ; --            ; --          ; --             ;
; MISC_FILE                           ; PLL2.ppf                    ; --            ; --          ; --             ;
; NOMINAL_CORE_SUPPLY_VOLTAGE         ; 1.2V                        ; --            ; --          ; --             ;
; PARTITION_COLOR                     ; 16764057                    ; --            ; --          ; Top            ;
; PARTITION_FITTER_PRESERVATION_LEVEL ; PLACEMENT_AND_ROUTING       ; --            ; --          ; Top            ;
; PARTITION_NETLIST_TYPE              ; SOURCE                      ; --            ; --          ; Top            ;
+-------------------------------------+-----------------------------+---------------+-------------+----------------+


+-------------------------------------------------------------------------------------------------------------------------------+
; Flow Elapsed Time                                                                                                             ;
+---------------------------+--------------+-------------------------+---------------------+------------------------------------+
; Module Name               ; Elapsed Time ; Average Processors Used ; Peak Virtual Memory ; Total CPU Time (on all processors) ;
+---------------------------+--------------+-------------------------+---------------------+------------------------------------+
; Analysis & Synthesis      ; 00:00:12     ; 1.0                     ; 378 MB              ; 00:00:11                           ;
; Fitter                    ; 00:01:30     ; 1.0                     ; 583 MB              ; 00:01:24                           ;
; Assembler                 ; 00:00:11     ; 1.0                     ; 334 MB              ; 00:00:09                           ;
; TimeQuest Timing Analyzer ; 00:00:15     ; 1.0                     ; 423 MB              ; 00:00:11                           ;
; EDA Netlist Writer        ; 00:00:09     ; 1.0                     ; 316 MB              ; 00:00:06                           ;
; Total                     ; 00:02:17     ; --                      ; --                  ; 00:02:01                           ;
+---------------------------+--------------+-------------------------+---------------------+------------------------------------+


+----------------------------------------------------------------------------------------+
; Flow OS Summary                                                                        ;
+---------------------------+------------------+-----------+------------+----------------+
; Module Name               ; Machine Hostname ; OS Name   ; OS Version ; Processor type ;
+---------------------------+------------------+-----------+------------+----------------+
; Analysis & Synthesis      ; DSP-03           ; Windows 7 ; 6.1        ; x86_64         ;
; Fitter                    ; DSP-03           ; Windows 7 ; 6.1        ; x86_64         ;
; Assembler                 ; DSP-03           ; Windows 7 ; 6.1        ; x86_64         ;
; TimeQuest Timing Analyzer ; DSP-03           ; Windows 7 ; 6.1        ; x86_64         ;
; EDA Netlist Writer        ; DSP-03           ; Windows 7 ; 6.1        ; x86_64         ;
+---------------------------+------------------+-----------+------------+----------------+


------------
; Flow Log ;
------------
quartus_map --read_settings_files=on --write_settings_files=off Delay_audio -c Delay_audio
quartus_fit --read_settings_files=off --write_settings_files=off Delay_audio -c Delay_audio
quartus_asm --read_settings_files=off --write_settings_files=off Delay_audio -c Delay_audio
quartus_sta Delay_audio -c Delay_audio
quartus_eda --read_settings_files=off --write_settings_files=off Delay_audio -c Delay_audio



